Arguments: 
  C:\Program Files\nodejs\node.exe C:\Users\CBI\.node\corepack\yarn\1.22.15\bin\yarn.js add @heronjs/core

PATH: 
  C:\Users\CBI\bin;C:\Program Files\Git\mingw64\bin;C:\Program Files\Git\usr\local\bin;C:\Program Files\Git\usr\bin;C:\Program Files\Git\usr\bin;C:\Program Files\Git\mingw64\bin;C:\Program Files\Git\usr\bin;C:\Users\CBI\bin;C:\Windows\system32;C:\Windows;C:\Windows\System32\Wbem;C:\Windows\System32\WindowsPowerShell\v1.0;C:\Windows\System32\OpenSSH;C:\Program Files\nodejs;C:\Program Files\Git\cmd;C:\Program Files\Docker\Docker\resources\bin;C:\ProgramData\DockerDesktop\version-bin;C:\Users\CBI\AppData\Local\Microsoft\WindowsApps;C:\Users\CBI\AppData\Local\Programs\Microsoft VS Code\bin;C:\Users\CBI\AppData\Roaming\npm;C:\Users\CBI\AppData\Local\GitHubDesktop\bin;C:\Program Files\Git\usr\bin\vendor_perl;C:\Program Files\Git\usr\bin\core_perl

Yarn version: 
  1.22.15

Node version: 
  16.15.1

Platform: 
  win32 x64

Trace: 
  Error: Failed to replace env in config: ${NPM_TOKEN}
      at C:\Users\CBI\.node\corepack\yarn\1.22.15\lib\cli.js:94928:13
      at String.replace (<anonymous>)
      at envReplace (C:\Users\CBI\.node\corepack\yarn\1.22.15\lib\cli.js:94923:16)
      at Function.normalizeConfig (C:\Users\CBI\.node\corepack\yarn\1.22.15\lib\cli.js:31930:69)
      at NpmRegistry.<anonymous> (C:\Users\CBI\.node\corepack\yarn\1.22.15\lib\cli.js:31960:34)
      at Generator.next (<anonymous>)
      at step (C:\Users\CBI\.node\corepack\yarn\1.22.15\lib\cli.js:310:30)
      at C:\Users\CBI\.node\corepack\yarn\1.22.15\lib\cli.js:321:13

npm manifest: 
  {
    "name": "dev",
    "version": "1.0.0",
    "description": "",
    "scripts": {
      "build": "node build.js && tsc --build tsconfig.json",
      "debug": "npm run bdev && nodemon --config nodemon.debug.json",
      "bdev": "node build.js && tsc --build tsconfig.debug.json",
      "start": "node dist/index.js",
      "test": "jest --updateSnapshot --detectOpenHandles",
      "migrate:make": "knex migrate:make",
      "migrate:up": "knex migrate:up",
      "migrate:latest": "knex migrate:latest",
      "migrate:down": "knex migrate:down",
      "migrate:rollback": "knex migrate:rollback",
      "migrate:list": "knex migrate:list",
      "seed:make": "knex seed:make",
      "seed:run": "knex seed:run"
    },
    "keywords": [],
    "devDependencies": {
      "@types/express": "^4.17.13",
      "@types/node": "^15.3.1",
      "fs-extra": "^10.0.0",
      "jest": "^27.1.0",
      "nodemon": "^2.0.7",
      "sqlite3": "^5.0.2",
      "ts-node": "^10.0.0",
      "tsconfig-paths": "^3.9.0",
      "typescript": "^4.2.4"
    },
    "dependencies": {
      "@heronjs/common": "^2.0.0",
      "@heronjs/core": "^2.0.0",
      "@heronjs/express": "^2.0.0",
      "cache-manager": "^3.4.4",
      "cache-manager-ioredis": "^2.1.0",
      "class-validator": "^0.13.1",
      "cors": "^2.8.5",
      "express": "^4.17.1",
      "express-handlebars": "^5.3.2",
      "http-status-codes": "^2.1.4",
      "ioredis": "^4.27.8",
      "module-alias": "^2.2.2",
      "pg": "^8.7.3",
      "progress": "^2.0.3",
      "reflect-metadata": "^0.1.13",
      "rxjs": "^7.1.0",
      "tslib": "^2.2.0"
    }
  }

yarn manifest: 
  No manifest

Lockfile: 
  No lockfile
